# JRE version: OpenJDK Runtime Environment Temurin-17.0.16+8 (17.0.16+8) (build 17.0.16+8)
# Java VM: OpenJDK 64-Bit Server VM Temurin-17.0.16+8 (17.0.16+8, mixed mode, sharing, tiered, compressed oops, compressed class ptrs, g1 gc, windows-amd64)
GC Precious Log:
 CPUs: 12 total, 12 available
 Memory: 14188M
 Large Page Support: Disabled
 NUMA Support: Disabled
 Compressed Oops: Enabled (Zero based)
 Heap Region Size: 2M
 Heap Min Capacity: 8M
 Heap Initial Capacity: 222M
 Heap Max Capacity: 3548M
 Pre-touch: Disabled
 Parallel Workers: 10
 Concurrent Workers: 3
 Concurrent Refinement Workers: 10
 Periodic GC: Disabled
Heap:
 garbage-first heap   total 122880K, used 67301K [0x0000000722400000, 0x0000000800000000)
  region size 2048K, 15 young (30720K), 3 survivors (6144K)
 Metaspace       used 83443K, committed 84096K, reserved 1179648K
  class space    used 11804K, committed 12096K, reserved 1048576K
GC Heap History (20 events):
Event: 2.227 GC heap before
{Heap before GC invocations=7 (full 0):
 garbage-first heap   total 73728K, used 47780K [0x0000000722400000, 0x0000000800000000)
  region size 2048K, 16 young (32768K), 1 survivors (2048K)
 Metaspace       used 30241K, committed 30656K, reserved 1114112K
  class space    used 3944K, committed 4160K, reserved 1048576K
}
Event: 2.233 GC heap after
{Heap after GC invocations=8 (full 0):
 garbage-first heap   total 73728K, used 19407K [0x0000000722400000, 0x0000000800000000)
  region size 2048K, 2 young (4096K), 2 survivors (4096K)
 Metaspace       used 30241K, committed 30656K, reserved 1114112K
  class space    used 3944K, committed 4160K, reserved 1048576K
}
Event: 2.782 GC heap before
{Heap before GC invocations=8 (full 0):
 garbage-first heap   total 73728K, used 48079K [0x0000000722400000, 0x0000000800000000)
  region size 2048K, 17 young (34816K), 2 survivors (4096K)
 Metaspace       used 35720K, committed 36160K, reserved 1114112K
  class space    used 4611K, committed 4864K, reserved 1048576K
}
Event: 2.785 GC heap after
{Heap after GC invocations=9 (full 0):
 garbage-first heap   total 73728K, used 21504K [0x0000000722400000, 0x0000000800000000)
  region size 2048K, 3 young (6144K), 3 survivors (6144K)
 Metaspace       used 35720K, committed 36160K, reserved 1114112K
  class space    used 4611K, committed 4864K, reserved 1048576K
}
Event: 3.297 GC heap before
{Heap before GC invocations=10 (full 0):
 garbage-first heap   total 73728K, used 52224K [0x0000000722400000, 0x0000000800000000)
  region size 2048K, 18 young (36864K), 3 survivors (6144K)
 Metaspace       used 42346K, committed 42816K, reserved 1114112K
  class space    used 5805K, committed 6016K, reserved 1048576K
}
Event: 3.301 GC heap after
{Heap after GC invocations=11 (full 0):
 garbage-first heap   total 102400K, used 23846K [0x0000000722400000, 0x0000000800000000)
  region size 2048K, 3 young (6144K), 3 survivors (6144K)
 Metaspace       used 42346K, committed 42816K, reserved 1114112K
  class space    used 5805K, committed 6016K, reserved 1048576K
}
Event: 3.985 GC heap before
{Heap before GC invocations=11 (full 0):
 garbage-first heap   total 102400K, used 72998K [0x0000000722400000, 0x0000000800000000)
  region size 2048K, 28 young (57344K), 3 survivors (6144K)
 Metaspace       used 54512K, committed 55040K, reserved 1114112K
  class space    used 7389K, committed 7616K, reserved 1048576K
}
Event: 3.989 GC heap after
{Heap after GC invocations=12 (full 0):
 garbage-first heap   total 102400K, used 26266K [0x0000000722400000, 0x0000000800000000)
  region size 2048K, 3 young (6144K), 3 survivors (6144K)
 Metaspace       used 54512K, committed 55040K, reserved 1114112K
  class space    used 7389K, committed 7616K, reserved 1048576K
}
Event: 4.248 GC heap before
{Heap before GC invocations=12 (full 0):
 garbage-first heap   total 102400K, used 42650K [0x0000000722400000, 0x0000000800000000)
  region size 2048K, 12 young (24576K), 3 survivors (6144K)
 Metaspace       used 59946K, committed 60416K, reserved 1114112K
  class space    used 8303K, committed 8512K, reserved 1048576K
}
Event: 4.251 GC heap after
{Heap after GC invocations=13 (full 0):
 garbage-first heap   total 102400K, used 27004K [0x0000000722400000, 0x0000000800000000)
  region size 2048K, 2 young (4096K), 2 survivors (4096K)
 Metaspace       used 59946K, committed 60416K, reserved 1114112K
  class space    used 8303K, committed 8512K, reserved 1048576K
}
Event: 16.848 GC heap before
{Heap before GC invocations=14 (full 0):
 garbage-first heap   total 102400K, used 78204K [0x0000000722400000, 0x0000000800000000)
  region size 2048K, 27 young (55296K), 2 survivors (4096K)
 Metaspace       used 71870K, committed 72448K, reserved 1114112K
  class space    used 9843K, committed 10112K, reserved 1048576K
}
Event: 16.854 GC heap after
{Heap after GC invocations=15 (full 0):
 garbage-first heap   total 102400K, used 30334K [0x0000000722400000, 0x0000000800000000)
  region size 2048K, 4 young (8192K), 4 survivors (8192K)
 Metaspace       used 71870K, committed 72448K, reserved 1114112K
  class space    used 9843K, committed 10112K, reserved 1048576K
}
Event: 17.542 GC heap before
{Heap before GC invocations=15 (full 0):
 garbage-first heap   total 102400K, used 77438K [0x0000000722400000, 0x0000000800000000)
  region size 2048K, 27 young (55296K), 4 survivors (8192K)
 Metaspace       used 77881K, committed 78464K, reserved 1179648K
  class space    used 10797K, committed 11072K, reserved 1048576K
}
Event: 17.550 GC heap after
{Heap after GC invocations=16 (full 0):
 garbage-first heap   total 102400K, used 33574K [0x0000000722400000, 0x0000000800000000)
  region size 2048K, 4 young (8192K), 4 survivors (8192K)
 Metaspace       used 77881K, committed 78464K, reserved 1179648K
  class space    used 10797K, committed 11072K, reserved 1048576K
}
Event: 17.935 GC heap before
{Heap before GC invocations=16 (full 0):
 garbage-first heap   total 102400K, used 76582K [0x0000000722400000, 0x0000000800000000)
  region size 2048K, 26 young (53248K), 4 survivors (8192K)
 Metaspace       used 82093K, committed 82688K, reserved 1179648K
  class space    used 11585K, committed 11840K, reserved 1048576K
}
Event: 17.942 GC heap after
{Heap after GC invocations=17 (full 0):
 garbage-first heap   total 102400K, used 35725K [0x0000000722400000, 0x0000000800000000)
  region size 2048K, 3 young (6144K), 3 survivors (6144K)
 Metaspace       used 82093K, committed 82688K, reserved 1179648K
  class space    used 11585K, committed 11840K, reserved 1048576K
}
Event: 18.264 GC heap before
{Heap before GC invocations=17 (full 0):
 garbage-first heap   total 102400K, used 78733K [0x0000000722400000, 0x0000000800000000)
  region size 2048K, 24 young (49152K), 3 survivors (6144K)
 Metaspace       used 83429K, committed 84096K, reserved 1179648K
  class space    used 11804K, committed 12096K, reserved 1048576K
}
Event: 18.270 GC heap after
{Heap after GC invocations=18 (full 0):
 garbage-first heap   total 102400K, used 38382K [0x0000000722400000, 0x0000000800000000)
  region size 2048K, 3 young (6144K), 3 survivors (6144K)
 Metaspace       used 83429K, committed 84096K, reserved 1179648K
  class space    used 11804K, committed 12096K, reserved 1048576K
}
Event: 18.332 GC heap before
{Heap before GC invocations=18 (full 0):
 garbage-first heap   total 102400K, used 79342K [0x0000000722400000, 0x0000000800000000)
  region size 2048K, 23 young (47104K), 3 survivors (6144K)
 Metaspace       used 83429K, committed 84096K, reserved 1179648K
  class space    used 11804K, committed 12096K, reserved 1048576K
}
Event: 18.339 GC heap after
{Heap after GC invocations=19 (full 0):
 garbage-first heap   total 122880K, used 44773K [0x0000000722400000, 0x0000000800000000)
  region size 2048K, 3 young (6144K), 3 survivors (6144K)
 Metaspace       used 83429K, committed 84096K, reserved 1179648K
  class space    used 11804K, committed 12096K, reserved 1048576K
}

